<?xml version="1.0" encoding="UTF-8"?>
<testng-results ignored="0" total="1" passed="1" failed="0" skipped="0">
  <reporter-output>
  </reporter-output>
  <suite started-at="2020-10-07T05:45:27Z" name="Default suite" finished-at="2020-10-07T05:46:00Z" duration-ms="32583">
    <groups>
    </groups>
    <test started-at="2020-10-07T05:45:27Z" name="Default test" finished-at="2020-10-07T05:46:00Z" duration-ms="32583">
      <class name="test.SearchBusTest">
        <test-method is-config="true" signature="startUp()[pri:0, instance:test.SearchBusTest@13acb0d1]" started-at="2020-10-07T05:45:27Z" name="startUp" finished-at="2020-10-07T05:45:35Z" duration-ms="8357" status="PASS">
          <reporter-output>
          </reporter-output>
        </test-method> <!-- startUp -->
        <test-method signature="searchBusTest()[pri:0, instance:test.SearchBusTest@13acb0d1]" started-at="2020-10-07T05:45:35Z" name="searchBusTest" finished-at="2020-10-07T05:45:57Z" duration-ms="22123" status="PASS">
          <reporter-output>
          </reporter-output>
        </test-method> <!-- searchBusTest -->
        <test-method is-config="true" signature="close()[pri:0, instance:test.SearchBusTest@13acb0d1]" started-at="2020-10-07T05:45:57Z" name="close" finished-at="2020-10-07T05:46:00Z" duration-ms="2081" status="PASS">
          <reporter-output>
          </reporter-output>
        </test-method> <!-- close -->
      </class> <!-- test.SearchBusTest -->
    </test> <!-- Default test -->
  </suite> <!-- Default suite -->
</testng-results>
